<?xml version="1.0" encoding="UTF-8"?>
<!-- Generated by org.testng.reporters.JUnitReportReporter -->
<testsuite name="testcases.Test_Excel" tests="1" time="0.322" ignored="0" failures="0" timestamp="03 Dec 2019 14:30:44 GMT" skipped="0" hostname="DESKTOP-J4CRO8M" errors="0">
  <testcase name="getexceldata" time="0.322" classname="testcases.Test_Excel"/>
</testsuite> <!-- testcases.Test_Excel -->
