<?xml version="1.0" encoding="UTF-8"?>
<!-- Generated by org.testng.reporters.JUnitReportReporter -->
<testsuite name="testcases.KeySelMethod" tests="6" time="2.951" ignored="0" failures="0" timestamp="04 Dec 2019 04:53:07 GMT" skipped="0" hostname="DESKTOP-J4CRO8M" errors="0">
  <testcase name="read" time="0.630" classname="testcases.KeySelMethod"/>
  <testcase name="read" time="0.222" classname="testcases.KeySelMethod"/>
  <testcase name="read" time="0.195" classname="testcases.KeySelMethod"/>
  <testcase name="read" time="0.013" classname="testcases.KeySelMethod"/>
  <testcase name="read" time="1.399" classname="testcases.KeySelMethod"/>
  <testcase name="read" time="0.492" classname="testcases.KeySelMethod"/>
</testsuite> <!-- testcases.KeySelMethod -->
