<?xml version="1.0" encoding="UTF-8"?>
<!-- Generated by org.testng.reporters.JUnitReportReporter -->
<testsuite name="testcases.NewTest" tests="1" time="0.067" ignored="0" failures="0" timestamp="16 Dec 2019 16:57:37 GMT" skipped="0" hostname="DESKTOP-J4CRO8M" errors="0">
  <testcase name="getpropertydata" time="0.067" classname="testcases.NewTest"/>
</testsuite> <!-- testcases.NewTest -->
