<?xml version="1.0" encoding="UTF-8"?>
<!-- Generated by org.testng.reporters.JUnitReportReporter -->
<testsuite name="scripts.NewTest" tests="1" time="0.020" ignored="0" failures="0" timestamp="28 Nov 2019 05:06:51 GMT" skipped="0" hostname="DESKTOP-J4CRO8M" errors="0">
  <testcase name="getpropertydata" time="0.020" classname="scripts.NewTest"/>
</testsuite> <!-- scripts.NewTest -->
